Loading routes from /Users/joshnabbott/rails/mountable_admin/vendor/plugins/authentication/config/desert_routes.rb.
Loading routes from /Users/joshnabbott/rails/mountable_admin/vendor/plugins/authentication/config/desert_routes.rb.
  [4;36;1mSQL (0.2ms)[0m   [0;1mSET NAMES 'utf8'[0m
  [4;35;1mSQL (0.1ms)[0m   [0mSET SQL_AUTO_IS_NULL=0[0m
  [4;36;1mSQL (31.2ms)[0m   [0;1mSHOW TABLES[0m
  [4;35;1mSQL (100.7ms)[0m   [0mCREATE TABLE `schema_migrations` (`version` varchar(255) NOT NULL) ENGINE=InnoDB[0m
  [4;36;1mSQL (32.1ms)[0m   [0;1mCREATE UNIQUE INDEX `unique_schema_migrations` ON `schema_migrations` (`version`)[0m
  [4;35;1mSQL (0.3ms)[0m   [0mSHOW TABLES[0m
  [4;36;1mSQL (0.2ms)[0m   [0;1mSHOW TABLES[0m
  [4;35;1mSQL (1.4ms)[0m   [0mCREATE TABLE plugin_schema_migrations (plugin_name varchar(255), version varchar(255))[0m
  [4;36;1mSQL (0.0ms)[0m   [0;1mMysql::Error: Table 'mountable_admin_development.plugin_schema_info' doesn't exist: SELECT plugin_name, version from plugin_schema_info[0m
  [4;35;1mSQL (0.3ms)[0m   [0mSELECT version FROM schema_migrations[0m
Migrating to MigrateAuthenticationTo20090512041656 (20090922192957)
  [4;36;1mSQL (0.3ms)[0m   [0;1mSHOW TABLES[0m
  [4;35;1mSQL (0.2ms)[0m   [0mSHOW TABLES[0m
  [4;36;1mSQL (0.0ms)[0m   [0;1mMysql::Error: Table 'mountable_admin_development.plugin_schema_info' doesn't exist: SELECT plugin_name, version from plugin_schema_info[0m
  [4;35;1mSQL (23.0ms)[0m   [0mSELECT version FROM plugin_schema_migrations WHERE plugin_name = 'authentication' order by version desc[0m
  [4;36;1mSQL (0.5ms)[0m   [0;1mSHOW TABLES[0m
  [4;35;1mSQL (0.3ms)[0m   [0mSHOW TABLES[0m
  [4;36;1mSQL (0.0ms)[0m   [0;1mMysql::Error: Table 'mountable_admin_development.plugin_schema_info' doesn't exist: SELECT plugin_name, version from plugin_schema_info[0m
  [4;35;1mSQL (0.2ms)[0m   [0mSELECT version FROM plugin_schema_migrations where plugin_name='authentication'[0m
Migrating to CreateUsers (20090512041656)
  [4;36;1mSQL (0.1ms)[0m   [0;1mSELECT version FROM plugin_schema_migrations where plugin_name='authentication'[0m
  [4;35;1mSQL (23.8ms)[0m   [0mCREATE TABLE `users` (`id` int(11) DEFAULT NULL auto_increment PRIMARY KEY, `name_first` varchar(255), `name_last` varchar(255), `login` varchar(255), `email_address` varchar(255), `crypted_password` varchar(255), `password_salt` varchar(255), `persistence_token` varchar(255), `single_access_token` varchar(255), `perishable_token` varchar(255), `current_login_ip` varchar(255), `last_login_ip` varchar(255), `login_count` int(11), `failed_login_count` int(11), `last_request_at` datetime, `current_login_at` datetime, `last_login_at` datetime, `created_at` datetime, `updated_at` datetime) ENGINE=InnoDB[0m
  [4;36;1mSQL (5.7ms)[0m   [0;1mCREATE INDEX `index_users_on_login` ON `users` (`login`)[0m
  [4;35;1mSQL (6.0ms)[0m   [0mCREATE INDEX `index_users_on_persistence_token` ON `users` (`persistence_token`)[0m
  [4;36;1mSQL (5.5ms)[0m   [0;1mCREATE INDEX `index_users_on_last_request_at` ON `users` (`last_request_at`)[0m
  [4;35;1mSQL (41.6ms)[0m   [0mCREATE INDEX `index_users_on_email_address` ON `users` (`email_address`)[0m
  [4;36;1mSQL (0.3ms)[0m   [0;1mINSERT INTO plugin_schema_migrations (plugin_name, version) VALUES ('authentication', '20090512041656')[0m
  [4;35;1mSQL (0.7ms)[0m   [0mINSERT INTO schema_migrations (version) VALUES ('20090922192957')[0m
  [4;36;1mSQL (0.4ms)[0m   [0;1mSHOW TABLES[0m
  [4;35;1mSQL (0.2ms)[0m   [0mSELECT version FROM schema_migrations[0m
  [4;36;1mSQL (0.2ms)[0m   [0;1mSHOW TABLES[0m
  [4;35;1mSQL (103.5ms)[0m   [0mSHOW FIELDS FROM `plugin_schema_migrations`[0m
  [4;36;1mSQL (1.2ms)[0m   [0;1mdescribe `plugin_schema_migrations`[0m
  [4;35;1mSQL (0.5ms)[0m   [0mSHOW KEYS FROM `plugin_schema_migrations`[0m
  [4;36;1mSQL (1.7ms)[0m   [0;1mSHOW FIELDS FROM `users`[0m
  [4;35;1mSQL (2.5ms)[0m   [0mdescribe `users`[0m
  [4;36;1mSQL (0.8ms)[0m   [0;1mSHOW KEYS FROM `users`[0m
Loading routes from /Users/joshnabbott/rails/mountable_admin/vendor/plugins/authentication/config/desert_routes.rb.
Loading routes from /Users/joshnabbott/rails/mountable_admin/vendor/plugins/authentication/config/desert_routes.rb.
  [4;36;1mSQL (0.2ms)[0m   [0;1mSET NAMES 'utf8'[0m
  [4;35;1mSQL (0.1ms)[0m   [0mSET SQL_AUTO_IS_NULL=0[0m


Processing ApplicationController#index (for 127.0.0.1 at 2009-09-22 12:32:49) [GET]

ActionController::RoutingError (No route matches "/usrs" with {:method=>:get}):
  

Rendering rescues/layout (not_found)
  [4;36;1mSQL (0.1ms)[0m   [0;1mSET NAMES 'utf8'[0m
  [4;35;1mSQL (0.1ms)[0m   [0mSET SQL_AUTO_IS_NULL=0[0m


Processing ApplicationController#index (for 127.0.0.1 at 2009-09-22 12:32:51) [GET]

ActionController::MethodNotAllowed (Only post requests are allowed.):
  

Rendered rescues/_trace (67.5ms)
Rendered rescues/_request_and_response (1.3ms)
Rendering rescues/layout (method_not_allowed)
  [4;36;1mSQL (0.1ms)[0m   [0;1mSET NAMES 'utf8'[0m
  [4;35;1mSQL (0.1ms)[0m   [0mSET SQL_AUTO_IS_NULL=0[0m


Processing UsersController#new (for 127.0.0.1 at 2009-09-22 12:32:56) [GET]
  Parameters: {"action"=>"new", "controller"=>"users"}
  [4;36;1mUser Columns (2.0ms)[0m   [0;1mSHOW FIELDS FROM `users`[0m
Rendering users/new
Rendered users/_form (6.9ms)
Completed in 43ms (View: 27, DB: 2) | 200 OK [http://localhost/users/new]
  [4;35;1mSQL (0.1ms)[0m   [0mSET NAMES 'utf8'[0m
  [4;36;1mSQL (0.1ms)[0m   [0;1mSET SQL_AUTO_IS_NULL=0[0m


Processing UsersController#create (for 127.0.0.1 at 2009-09-22 12:33:58) [POST]
  Parameters: {"user"=>{"password_confirmation"=>"[FILTERED]", "password"=>"[FILTERED]", "login"=>"jabbott", "email_address"=>"joshnabbott@gmail.com", "name_last"=>"Abbott", "name_first"=>"Joshua"}, "commit"=>"Save", "action"=>"create", "authenticity_token"=>"4VLWSIqXTswWInNv/F6h3RVORJwfesPHBDRDtyt+7/Y=", "controller"=>"users"}
  [4;35;1mSQL (0.1ms)[0m   [0mBEGIN[0m
  [4;36;1mUser Load (16.5ms)[0m   [0;1mSELECT `users`.id FROM `users` WHERE (LOWER(`users`.`email_address`) = BINARY 'joshnabbott@gmail.com') LIMIT 1[0m
  [4;35;1mUser Load (0.2ms)[0m   [0mSELECT `users`.id FROM `users` WHERE (LOWER(`users`.`login`) = BINARY 'jabbott') LIMIT 1[0m
  [4;36;1mUser Load (0.2ms)[0m   [0;1mSELECT `users`.id FROM `users` WHERE (`users`.`persistence_token` = BINARY '6b4b8575ba89583a9a0ad3d056385340414ad19beae6efbc28ca979134d7fbfd2a8abc303debecd361bef0fe231e8fafb8c37996fe10e2534119fcaaeaad1c71') LIMIT 1[0m
  [4;35;1mUser Load (0.1ms)[0m   [0mSELECT `users`.id FROM `users` WHERE (`users`.`single_access_token` = BINARY 'dIhXupZSUyntYeliVZRa') LIMIT 1[0m
  [4;36;1mUser Create (0.3ms)[0m   [0;1mINSERT INTO `users` (`last_login_at`, `last_request_at`, `updated_at`, `crypted_password`, `single_access_token`, `perishable_token`, `current_login_ip`, `password_salt`, `current_login_at`, `failed_login_count`, `persistence_token`, `login_count`, `login`, `name_first`, `name_last`, `email_address`, `last_login_ip`, `created_at`) VALUES(NULL, '2009-09-22 19:33:58', '2009-09-22 19:33:58', 'e887461216e85224fc90897aa74788dc3caa02e96391c959129bf080bb7987f757deea90c280cbd499ea2ea3e6dfc15dac47f8baab15072b592125774b8fefbe', 'dIhXupZSUyntYeliVZRa', 'S5oDtrjsqbDiKuIp3bom', '127.0.0.1', 'th014xj1jcwZ4OVHMRo_', '2009-09-22 19:33:58', 0, '6b4b8575ba89583a9a0ad3d056385340414ad19beae6efbc28ca979134d7fbfd2a8abc303debecd361bef0fe231e8fafb8c37996fe10e2534119fcaaeaad1c71', 1, 'jabbott', 'Joshua', 'Abbott', 'joshnabbott@gmail.com', NULL, '2009-09-22 19:33:58')[0m
  [4;35;1mSQL (0.5ms)[0m   [0mCOMMIT[0m
Redirected to http://localhost:3000/account
Completed in 399ms (DB: 18) | 302 Found [http://localhost/users]
  [4;36;1mSQL (0.1ms)[0m   [0;1mSET NAMES 'utf8'[0m
  [4;35;1mSQL (0.1ms)[0m   [0mSET SQL_AUTO_IS_NULL=0[0m


Processing UsersController#show (for 127.0.0.1 at 2009-09-22 12:33:58) [GET]
  Parameters: {"action"=>"show", "controller"=>"users"}
  [4;36;1mUser Load (0.5ms)[0m   [0;1mSELECT * FROM `users` WHERE (`users`.`persistence_token` = '6b4b8575ba89583a9a0ad3d056385340414ad19beae6efbc28ca979134d7fbfd2a8abc303debecd361bef0fe231e8fafb8c37996fe10e2534119fcaaeaad1c71') LIMIT 1[0m
  [4;35;1mSQL (0.1ms)[0m   [0mBEGIN[0m
  [4;36;1mUser Update (0.3ms)[0m   [0;1mUPDATE `users` SET `perishable_token` = 'oXg9flbWc-ye_d-1Jnoi', `updated_at` = '2009-09-22 19:33:59', `last_request_at` = '2009-09-22 19:33:59' WHERE `id` = 1[0m
  [4;35;1mSQL (0.5ms)[0m   [0mCOMMIT[0m
Rendering users/show
Completed in 81ms (View: 7, DB: 2) | 200 OK [http://localhost/account]
  [4;36;1mSQL (0.1ms)[0m   [0;1mSET NAMES 'utf8'[0m
  [4;35;1mSQL (0.1ms)[0m   [0mSET SQL_AUTO_IS_NULL=0[0m


Processing UsersController#edit (for 127.0.0.1 at 2009-09-22 12:34:18) [GET]
  Parameters: {"action"=>"edit", "id"=>"1", "controller"=>"users"}
  [4;36;1mUser Load (0.5ms)[0m   [0;1mSELECT * FROM `users` WHERE (`users`.`persistence_token` = '6b4b8575ba89583a9a0ad3d056385340414ad19beae6efbc28ca979134d7fbfd2a8abc303debecd361bef0fe231e8fafb8c37996fe10e2534119fcaaeaad1c71') LIMIT 1[0m
  [4;35;1mSQL (0.1ms)[0m   [0mBEGIN[0m
  [4;36;1mUser Update (0.2ms)[0m   [0;1mUPDATE `users` SET `perishable_token` = '2g7XeXWraSqnDqdjqDRB', `updated_at` = '2009-09-22 19:34:18', `last_request_at` = '2009-09-22 19:34:18' WHERE `id` = 1[0m
  [4;35;1mSQL (0.5ms)[0m   [0mCOMMIT[0m
Rendering users/edit
Rendered users/_form (3.3ms)
Completed in 15ms (View: 10, DB: 2) | 200 OK [http://localhost/users/1/edit]
  [4;36;1mSQL (0.1ms)[0m   [0;1mSET NAMES 'utf8'[0m
  [4;35;1mSQL (0.1ms)[0m   [0mSET SQL_AUTO_IS_NULL=0[0m


Processing UsersController#show (for 127.0.0.1 at 2009-09-22 12:34:20) [GET]
  Parameters: {"action"=>"show", "controller"=>"users"}
  [4;36;1mUser Load (0.4ms)[0m   [0;1mSELECT * FROM `users` WHERE (`users`.`persistence_token` = '6b4b8575ba89583a9a0ad3d056385340414ad19beae6efbc28ca979134d7fbfd2a8abc303debecd361bef0fe231e8fafb8c37996fe10e2534119fcaaeaad1c71') LIMIT 1[0m
  [4;35;1mSQL (0.1ms)[0m   [0mBEGIN[0m
  [4;36;1mUser Update (0.2ms)[0m   [0;1mUPDATE `users` SET `perishable_token` = 'A7Bd4NCOWWu0vIlSVul0', `updated_at` = '2009-09-22 19:34:20', `last_request_at` = '2009-09-22 19:34:20' WHERE `id` = 1[0m
  [4;35;1mSQL (0.5ms)[0m   [0mCOMMIT[0m
Rendering users/show
Completed in 7ms (View: 1, DB: 1) | 200 OK [http://localhost/account]
